
6월 12, 2022 09:06:16.765 NEW SESSION
6월 12, 2022 09:06:16.765 [7688:3076:0612/090616.764:ERROR:device_event_log_impl.cc(214)] [09:06:16.764] Bluetooth: bluetooth_adapter_winrt.cc:1074 Getting Default Adapter failed.
6월 12, 2022 09:07:13.464 [7688:9584:0612/090713.463:ERROR:util.cc(127)] Can't create base directory: C:\Program Files\Google\GoogleUpdater
6월 12, 2022 10:41:26.546 [7688:3076:0612/104126.545:ERROR:interface_endpoint_client.cc(665)] Message 5 rejected by interface blink.mojom.WidgetHost
6월 12, 2022 14:07:12.742 [7688:21032:0612/140712.741:ERROR:util.cc(127)] Can't create base directory: C:\Program Files\Google\GoogleUpdater
6월 12, 2022 15:19:37.517 [7688:3076:0612/151937.516:ERROR:interface_endpoint_client.cc(665)] Message 1 rejected by interface blink.mojom.WidgetHost
6월 12, 2022 15:19:46.795 [7688:3076:0612/151946.794:ERROR:interface_endpoint_client.cc(665)] Message 1 rejected by interface blink.mojom.WidgetHost
6월 12, 2022 15:41:04.56 [7688:3076:0612/154104.056:ERROR:interface_endpoint_client.cc(665)] Message 1358163196 rejected by interface blink.mojom.FrameWidgetHost

6월 19, 2022 09:08:18.06 NEW SESSION
6월 19, 2022 09:08:18.07 [4040:1116:0619/090817.996:ERROR:device_event_log_impl.cc(214)] [09:08:17.996] Bluetooth: bluetooth_adapter_winrt.cc:1074 Getting Default Adapter failed.
6월 19, 2022 09:09:14.629 [4040:9920:0619/090914.628:ERROR:util.cc(127)] Can't create base directory: C:\Program Files\Google\GoogleUpdater
6월 19, 2022 14:09:15.485 [4040:9380:0619/140915.485:ERROR:util.cc(127)] Can't create base directory: C:\Program Files\Google\GoogleUpdater

6월 25, 2022 09:20:53.356 NEW SESSION
6월 25, 2022 09:20:53.356 [3684:8624:0625/092053.352:ERROR:device_event_log_impl.cc(214)] [09:20:53.352] Bluetooth: bluetooth_adapter_winrt.cc:1074 Getting Default Adapter failed.
6월 25, 2022 09:56:18.790 [2300:8636:0625/095618.790:ERROR:device_event_log_impl.cc(214)] [09:56:18.789] Bluetooth: bluetooth_adapter_winrt.cc:1074 Getting Default Adapter failed.
6월 25, 2022 10:20:41.325 [12444:14248:0625/102041.325:ERROR:device_event_log_impl.cc(214)] [10:20:41.324] Bluetooth: bluetooth_adapter_winrt.cc:1074 Getting Default Adapter failed.
6월 25, 2022 10:21:38.265 [12444:13488:0625/102138.264:ERROR:util.cc(127)] Can't create base directory: C:\Program Files\Google\GoogleUpdater
6월 25, 2022 11:32:48.30 [12444:14248:0625/113248.029:ERROR:interface_endpoint_client.cc(665)] Message 0 rejected by interface blink.mojom.WidgetHost

6월 26, 2022 09:05:20.423 NEW SESSION
6월 26, 2022 09:05:20.423 [14992:15308:0626/090520.416:ERROR:device_event_log_impl.cc(214)] [09:05:20.416] Bluetooth: bluetooth_adapter_winrt.cc:1074 Getting Default Adapter failed.
6월 26, 2022 09:06:17.300 [14992:14564:0626/090617.300:ERROR:util.cc(127)] Can't create base directory: C:\Program Files\Google\GoogleUpdater
6월 26, 2022 10:08:29.210 [7456:6400:0626/100829.210:ERROR:device_event_log_impl.cc(214)] [10:08:29.210] Bluetooth: bluetooth_adapter_winrt.cc:1074 Getting Default Adapter failed.
6월 26, 2022 10:09:25.581 [7456:10032:0626/100925.581:ERROR:util.cc(127)] Can't create base directory: C:\Program Files\Google\GoogleUpdater
6월 26, 2022 14:01:56.125 [8092:10956:0626/140156.124:ERROR:device_event_log_impl.cc(214)] [14:01:56.125] Bluetooth: bluetooth_adapter_winrt.cc:1074 Getting Default Adapter failed.
6월 26, 2022 14:02:53.39 [8092:12412:0626/140253.038:ERROR:util.cc(127)] Can't create base directory: C:\Program Files\Google\GoogleUpdater
6월 26, 2022 14:36:02.238 [8092:10956:0626/143602.238:ERROR:interface_endpoint_client.cc(665)] Message 1 rejected by interface blink.mojom.WidgetHost
6월 26, 2022 14:56:00.695 [8092:10956:0626/145600.695:ERROR:interface_endpoint_client.cc(665)] Message 1 rejected by interface blink.mojom.WidgetHost
6월 26, 2022 14:56:11.955 [8092:10956:0626/145611.954:ERROR:interface_endpoint_client.cc(665)] Message 1 rejected by interface blink.mojom.WidgetHost
6월 26, 2022 14:56:53.46 [8092:10956:0626/145653.045:ERROR:interface_endpoint_client.cc(665)] Message 1 rejected by interface blink.mojom.WidgetHost
6월 26, 2022 14:57:48.601 [8092:10956:0626/145748.601:ERROR:interface_endpoint_client.cc(665)] Message 0 rejected by interface blink.mojom.WidgetHost
